#
# There is insufficient memory for the Java Runtime Environment to continue.
# Native memory allocation (malloc) failed to allocate 32744 bytes for Chunk::new
# Possible reasons:
#   The system is out of physical RAM or swap space
#   The process is running with CompressedOops enabled, and the Java Heap may be blocking the growth of the native heap
# Possible solutions:
#   Reduce memory load on the system
#   Increase physical memory or swap space
#   Check if swap backing store is full
#   Decrease Java heap size (-Xmx/-Xms)
#   Decrease number of Java threads
#   Decrease Java thread stack sizes (-Xss)
#   Set larger code cache with -XX:ReservedCodeCacheSize=
#   JVM is running with Unscaled Compressed Oops mode in which the Java heap is
#     placed in the first 4GB address space. The Java Heap base address is the
#     maximum limit for the native heap growth. Please use -XX:HeapBaseMinAddress
#     to set the Java Heap base and to place the Java Heap above 4GB virtual address.
# This output file may be truncated or incomplete.
#
#  Out of Memory Error (arena.cpp:166), pid=13880, tid=2404
#
# JRE version: OpenJDK Runtime Environment (21.0+35) (build 21+35-2513)
# Java VM: OpenJDK 64-Bit Server VM (21+35-2513, mixed mode, emulated-client, sharing, tiered, compressed oops, compressed class ptrs, g1 gc, windows-amd64)
# No core dump will be written. Minidumps are not enabled by default on client versions of Windows
#

---------------  S U M M A R Y ------------

Command Line: -XX:TieredStopAtLevel=1 -Dspring.output.ansi.enabled=always -Dcom.sun.management.jmxremote -Dspring.jmx.enabled=true -Dspring.liveBeansView.mbeanDomain -Dspring.application.admin.enabled=true -Dmanagement.endpoints.jmx.exposure.include=* -javaagent:C:\Program Files\JetBrains\IntelliJ IDEA 2023.2.3\lib\idea_rt.jar=63502:C:\Program Files\JetBrains\IntelliJ IDEA 2023.2.3\bin -Dfile.encoding=UTF-8 -Dsun.stdout.encoding=UTF-8 -Dsun.stderr.encoding=UTF-8 uiass.eia.myapi.MyapiApplication

Host: 11th Gen Intel(R) Core(TM) i5-1145G7 @ 2.60GHz, 8 cores, 7G,  Windows 10 , 64 bit Build 19041 (10.0.19041.3636)
Time: Thu Jan  4 02:52:23 2024 Morocco Daylight Time elapsed time: 5306.264308 seconds (0d 1h 28m 26s)

---------------  T H R E A D  ---------------

Current thread (0x000002049790e1f0):  JavaThread "C1 CompilerThread2" daemon [_thread_in_native, id=2404, stack(0x0000002c2d800000,0x0000002c2d900000) (1024K)]


Current CompileTask:
C1:5306264 11056       1       java.lang.String::split (148 bytes)

Stack: [0x0000002c2d800000,0x0000002c2d900000]
Native frames: (J=compiled Java code, j=interpreted, Vv=VM code, C=native code)
V  [jvm.dll+0x6c8d39]
V  [jvm.dll+0x854091]
V  [jvm.dll+0x85630e]
V  [jvm.dll+0x8569e3]
V  [jvm.dll+0x2809a6]
V  [jvm.dll+0xc3e6d]
V  [jvm.dll+0xc4383]
V  [jvm.dll+0x1aefe8]
V  [jvm.dll+0x1629b3]
V  [jvm.dll+0x1603a4]
V  [jvm.dll+0x15e92c]
V  [jvm.dll+0x1671d2]
V  [jvm.dll+0x166666]
V  [jvm.dll+0x15e185]
V  [jvm.dll+0x1603fd]
V  [jvm.dll+0x15ea25]
V  [jvm.dll+0x1671d2]
V  [jvm.dll+0x166666]
V  [jvm.dll+0x15e185]
V  [jvm.dll+0x1603fd]
V  [jvm.dll+0x15ea25]
V  [jvm.dll+0x1587de]
V  [jvm.dll+0x168326]
V  [jvm.dll+0x153b90]
V  [jvm.dll+0x153f13]
V  [jvm.dll+0x1541d4]
V  [jvm.dll+0x153616]
V  [jvm.dll+0x15537d]
V  [jvm.dll+0x2583e9]
V  [jvm.dll+0x2569ca]
V  [jvm.dll+0x3eef66]
V  [jvm.dll+0x7fd2c8]
V  [jvm.dll+0x6c748d]
C  [ucrtbase.dll+0x21bb2]
C  [KERNEL32.DLL+0x17344]
C  [ntdll.dll+0x526b1]


---------------  P R O C E S S  ---------------

Threads class SMR info:
_java_thread_list=0x0000020497a2dbe0, length=36, elements={
0x000002044f1da400, 0x000002044f1db2d0, 0x000002044f1dd770, 0x000002044f1df4f0,
0x000002044f1e2810, 0x000002044f1e0740, 0x000002044f1ee950, 0x000002044f1e1af0,
0x000002044f1e2ea0, 0x000002044f1e0dd0, 0x000002044f1e1460, 0x00000204957321c0,
0x00000204957300f0, 0x000002049572ed40, 0x0000020495732850, 0x0000020495732ee0,
0x0000020495734920, 0x000002049572e6b0, 0x0000020495730e10, 0x00000204957314a0,
0x0000020495734fb0, 0x000002049572f3d0, 0x0000020495735640, 0x0000020495735cd0,
0x0000020497bb3810, 0x0000020497bb4530, 0x0000020497bb1740, 0x0000020497bb4bc0,
0x0000020497bb3ea0, 0x0000020497bb1dd0, 0x0000020497bb2460, 0x0000020497bb2af0,
0x0000020495733c00, 0x0000020495734290, 0x0000020495eb16c0, 0x000002049790e1f0
}

Java Threads: ( => current thread )
  0x000002044f1da400 JavaThread "Reference Handler"          daemon [_thread_blocked, id=6256, stack(0x0000002c2cd00000,0x0000002c2ce00000) (1024K)]
  0x000002044f1db2d0 JavaThread "Finalizer"                  daemon [_thread_blocked, id=13264, stack(0x0000002c2ce00000,0x0000002c2cf00000) (1024K)]
  0x000002044f1dd770 JavaThread "Signal Dispatcher"          daemon [_thread_blocked, id=9500, stack(0x0000002c2cf00000,0x0000002c2d000000) (1024K)]
  0x000002044f1df4f0 JavaThread "Attach Listener"            daemon [_thread_blocked, id=9212, stack(0x0000002c2d000000,0x0000002c2d100000) (1024K)]
  0x000002044f1e2810 JavaThread "Service Thread"             daemon [_thread_blocked, id=3104, stack(0x0000002c2d100000,0x0000002c2d200000) (1024K)]
  0x000002044f1e0740 JavaThread "Monitor Deflation Thread"   daemon [_thread_blocked, id=13056, stack(0x0000002c2d200000,0x0000002c2d300000) (1024K)]
  0x000002044f1ee950 JavaThread "C1 CompilerThread0"         daemon [_thread_in_vm, id=11132, stack(0x0000002c2d300000,0x0000002c2d400000) (1024K)]
  0x000002044f1e1af0 JavaThread "Common-Cleaner"             daemon [_thread_blocked, id=9844, stack(0x0000002c2d400000,0x0000002c2d500000) (1024K)]
  0x000002044f1e2ea0 JavaThread "Monitor Ctrl-Break"         daemon [_thread_in_native, id=5196, stack(0x0000002c2d600000,0x0000002c2d700000) (1024K)]
  0x000002044f1e0dd0 JavaThread "Notification Thread"        daemon [_thread_blocked, id=13376, stack(0x0000002c2d700000,0x0000002c2d800000) (1024K)]
  0x000002044f1e1460 JavaThread "RMI TCP Accept-0"           daemon [_thread_in_native, id=5616, stack(0x0000002c2da00000,0x0000002c2db00000) (1024K)]
  0x00000204957321c0 JavaThread "RMI Scheduler(0)"           daemon [_thread_blocked, id=6244, stack(0x0000002c2e400000,0x0000002c2e500000) (1024K)]
  0x00000204957300f0 JavaThread "mysql-cj-abandoned-connection-cleanup" daemon [_thread_blocked, id=8208, stack(0x0000002c2e600000,0x0000002c2e700000) (1024K)]
  0x000002049572ed40 JavaThread "HikariPool-1 housekeeper"   daemon [_thread_blocked, id=6512, stack(0x0000002c2e900000,0x0000002c2ea00000) (1024K)]
  0x0000020495732850 JavaThread "Catalina-utility-1"                [_thread_blocked, id=13648, stack(0x0000002c2ea00000,0x0000002c2eb00000) (1024K)]
  0x0000020495732ee0 JavaThread "Catalina-utility-2"                [_thread_blocked, id=7212, stack(0x0000002c2eb00000,0x0000002c2ec00000) (1024K)]
  0x0000020495734920 JavaThread "container-0"                       [_thread_blocked, id=7928, stack(0x0000002c2ec00000,0x0000002c2ed00000) (1024K)]
  0x000002049572e6b0 JavaThread "File Watcher"               daemon [_thread_blocked, id=9180, stack(0x0000002c2ee00000,0x0000002c2ef00000) (1024K)]
  0x0000020495730e10 JavaThread "Live Reload Server"         daemon [_thread_in_native, id=13856, stack(0x0000002c2f100000,0x0000002c2f200000) (1024K)]
  0x00000204957314a0 JavaThread "http-nio-8080-exec-1"       daemon [_thread_blocked, id=12376, stack(0x0000002c2ef00000,0x0000002c2f000000) (1024K)]
  0x0000020495734fb0 JavaThread "http-nio-8080-exec-2"       daemon [_thread_blocked, id=9560, stack(0x0000002c2f000000,0x0000002c2f100000) (1024K)]
  0x000002049572f3d0 JavaThread "http-nio-8080-exec-3"       daemon [_thread_blocked, id=8216, stack(0x0000002c2f200000,0x0000002c2f300000) (1024K)]
  0x0000020495735640 JavaThread "http-nio-8080-exec-4"       daemon [_thread_blocked, id=12448, stack(0x0000002c2f300000,0x0000002c2f400000) (1024K)]
  0x0000020495735cd0 JavaThread "http-nio-8080-exec-5"       daemon [_thread_blocked, id=9052, stack(0x0000002c2f400000,0x0000002c2f500000) (1024K)]
  0x0000020497bb3810 JavaThread "http-nio-8080-exec-6"       daemon [_thread_blocked, id=2012, stack(0x0000002c2f500000,0x0000002c2f600000) (1024K)]
  0x0000020497bb4530 JavaThread "http-nio-8080-exec-7"       daemon [_thread_blocked, id=3100, stack(0x0000002c2f600000,0x0000002c2f700000) (1024K)]
  0x0000020497bb1740 JavaThread "http-nio-8080-exec-8"       daemon [_thread_blocked, id=7604, stack(0x0000002c2f700000,0x0000002c2f800000) (1024K)]
  0x0000020497bb4bc0 JavaThread "http-nio-8080-exec-9"       daemon [_thread_blocked, id=9076, stack(0x0000002c2f800000,0x0000002c2f900000) (1024K)]
  0x0000020497bb3ea0 JavaThread "http-nio-8080-exec-10"      daemon [_thread_blocked, id=7916, stack(0x0000002c2f900000,0x0000002c2fa00000) (1024K)]
  0x0000020497bb1dd0 JavaThread "http-nio-8080-Poller"       daemon [_thread_in_native, id=12328, stack(0x0000002c2fa00000,0x0000002c2fb00000) (1024K)]
  0x0000020497bb2460 JavaThread "http-nio-8080-Acceptor"     daemon [_thread_in_native, id=508, stack(0x0000002c2fb00000,0x0000002c2fc00000) (1024K)]
  0x0000020497bb2af0 JavaThread "DestroyJavaVM"                     [_thread_blocked, id=8608, stack(0x0000002c2c500000,0x0000002c2c600000) (1024K)]
  0x0000020495733c00 JavaThread "HikariPool-1 connection closer" daemon [_thread_blocked, id=3012, stack(0x0000002c2c200000,0x0000002c2c300000) (1024K)]
  0x0000020495734290 JavaThread "HikariPool-1 connection adder" daemon [_thread_in_Java, id=11504, stack(0x0000002c2c300000,0x0000002c2c400000) (1024K)]
  0x0000020495eb16c0 JavaThread "C1 CompilerThread1"         daemon [_thread_in_vm, id=14312, stack(0x0000002c2c400000,0x0000002c2c500000) (1024K)]
=>0x000002049790e1f0 JavaThread "C1 CompilerThread2"         daemon [_thread_in_native, id=2404, stack(0x0000002c2d800000,0x0000002c2d900000) (1024K)]
Total: 36

Other Threads:
  0x000002044f1bb3f0 VMThread "VM Thread"                           [id=13896, stack(0x0000002c2cc00000,0x0000002c2cd00000) (1024K)]
  0x000002044f1a1420 WatcherThread "VM Periodic Task Thread"        [id=9004, stack(0x0000002c2cb00000,0x0000002c2cc00000) (1024K)]
  0x000002043eb7c870 WorkerThread "GC Thread#0"                     [id=10464, stack(0x0000002c2c600000,0x0000002c2c700000) (1024K)]
  0x000002044fe10700 WorkerThread "GC Thread#1"                     [id=6484, stack(0x0000002c2db00000,0x0000002c2dc00000) (1024K)]
  0x000002044fe182d0 WorkerThread "GC Thread#2"                     [id=3592, stack(0x0000002c2dc00000,0x0000002c2dd00000) (1024K)]
  0x000002044fe4d8a0 WorkerThread "GC Thread#3"                     [id=14164, stack(0x0000002c2dd00000,0x0000002c2de00000) (1024K)]
  0x000002044fe4dc40 WorkerThread "GC Thread#4"                     [id=3040, stack(0x0000002c2de00000,0x0000002c2df00000) (1024K)]
  0x000002044fe4e3f0 WorkerThread "GC Thread#5"                     [id=10156, stack(0x0000002c2df00000,0x0000002c2e000000) (1024K)]
  0x000002044fe4f1b0 WorkerThread "GC Thread#6"                     [id=10200, stack(0x0000002c2e000000,0x0000002c2e100000) (1024K)]
  0x000002044ff20430 WorkerThread "GC Thread#7"                     [id=8124, stack(0x0000002c2e700000,0x0000002c2e800000) (1024K)]
  0x000002043eb8e120 ConcurrentGCThread "G1 Main Marker"            [id=416, stack(0x0000002c2c700000,0x0000002c2c800000) (1024K)]
  0x000002043eb8fae0 WorkerThread "G1 Conc#0"                       [id=14184, stack(0x0000002c2c800000,0x0000002c2c900000) (1024K)]
  0x000002044ff20b70 WorkerThread "G1 Conc#1"                       [id=8796, stack(0x0000002c2e500000,0x0000002c2e600000) (1024K)]
  0x000002044f0734e0 ConcurrentGCThread "G1 Refine#0"               [id=13080, stack(0x0000002c2c900000,0x0000002c2ca00000) (1024K)]
  0x000002043ebed1f0 ConcurrentGCThread "G1 Service"                [id=13372, stack(0x0000002c2ca00000,0x0000002c2cb00000) (1024K)]
Total: 15

Threads with active compile tasks:
C1 CompilerThread0  5306286 11125       1       jdk.internal.misc.Unsafe::getLongUnaligned (173 bytes)
C1 CompilerThread1  5306286 11127       1       sun.security.jca.ProviderList$ServiceList::tryGet (304 bytes)
C1 CompilerThread2  5306286 11056       1       java.lang.String::split (148 bytes)
Total: 3

VM state: not at safepoint (normal execution)

VM Mutex/Monitor currently owned by a thread: None

Heap address: 0x0000000084000000, size: 1984 MB, Compressed Oops mode: 32-bit

CDS archive(s) mapped at: [0x0000020450000000-0x0000020450c90000-0x0000020450c90000), size 13172736, SharedBaseAddress: 0x0000020450000000, ArchiveRelocationMode: 1.
Compressed class space mapped at: 0x0000020451000000-0x0000020491000000, reserved size: 1073741824
Narrow klass base: 0x0000020450000000, Narrow klass shift: 0, Narrow klass range: 0x100000000

GC Precious Log:
 CardTable entry size: 512
 Card Set container configuration: InlinePtr #cards 5 size 8 Array Of Cards #cards 12 size 40 Howl #buckets 4 coarsen threshold 1843 Howl Bitmap #cards 512 size 80 coarsen threshold 460 Card regions per heap region 1 cards per card region 2048
 CPUs: 8 total, 8 available
 Memory: 7934M
 Large Page Support: Disabled
 NUMA Support: Disabled
 Compressed Oops: Enabled (32-bit)
 Heap Region Size: 1M
 Heap Min Capacity: 8M
 Heap Initial Capacity: 124M
 Heap Max Capacity: 1984M
 Pre-touch: Disabled
 Parallel Workers: 8
 Concurrent Workers: 2
 Concurrent Refinement Workers: 8
 Periodic GC: Disabled

Heap:
 garbage-first heap   total 73728K, used 60147K [0x0000000084000000, 0x0000000100000000)
  region size 1024K, 33 young (33792K), 1 survivors (1024K)
 Metaspace       used 72546K, committed 73920K, reserved 1114112K
  class space    used 10248K, committed 10752K, reserved 1048576K

Heap Regions: E=young(eden), S=young(survivor), O=old, HS=humongous(starts), HC=humongous(continues), CS=collection set, F=free, TAMS=top-at-mark-start, PB=parsable bottom
|   0|0x0000000084000000, 0x0000000084100000, 0x0000000084100000|100%|HS|  |TAMS 0x0000000084000000| PB 0x0000000084000000| Complete 
|   1|0x0000000084100000, 0x0000000084200000, 0x0000000084200000|100%| O|  |TAMS 0x0000000084100000| PB 0x0000000084100000| Untracked 
|   2|0x0000000084200000, 0x0000000084300000, 0x0000000084300000|100%| O|  |TAMS 0x0000000084200000| PB 0x0000000084200000| Untracked 
|   3|0x0000000084300000, 0x0000000084400000, 0x0000000084400000|100%| O|  |TAMS 0x0000000084300000| PB 0x0000000084300000| Untracked 
|   4|0x0000000084400000, 0x0000000084400000, 0x0000000084500000|  0%| F|  |TAMS 0x0000000084400000| PB 0x0000000084400000| Untracked 
|   5|0x0000000084500000, 0x0000000084600000, 0x0000000084600000|100%| O|  |TAMS 0x0000000084500000| PB 0x0000000084500000| Untracked 
|   6|0x0000000084600000, 0x0000000084700000, 0x0000000084700000|100%| O|  |TAMS 0x0000000084600000| PB 0x0000000084600000| Untracked 
|   7|0x0000000084700000, 0x0000000084800000, 0x0000000084800000|100%| O|  |TAMS 0x0000000084700000| PB 0x0000000084700000| Untracked 
|   8|0x0000000084800000, 0x0000000084900000, 0x0000000084900000|100%| O|  |TAMS 0x0000000084800000| PB 0x0000000084800000| Untracked 
|   9|0x0000000084900000, 0x0000000084a00000, 0x0000000084a00000|100%| O|  |TAMS 0x0000000084900000| PB 0x0000000084900000| Untracked 
|  10|0x0000000084a00000, 0x0000000084b00000, 0x0000000084b00000|100%| O|  |TAMS 0x0000000084a00000| PB 0x0000000084a00000| Untracked 
|  11|0x0000000084b00000, 0x0000000084c00000, 0x0000000084c00000|100%| O|  |TAMS 0x0000000084b00000| PB 0x0000000084b00000| Untracked 
|  12|0x0000000084c00000, 0x0000000084d00000, 0x0000000084d00000|100%| O|  |TAMS 0x0000000084c00000| PB 0x0000000084c00000| Untracked 
|  13|0x0000000084d00000, 0x0000000084e00000, 0x0000000084e00000|100%| O|  |TAMS 0x0000000084d00000| PB 0x0000000084d00000| Untracked 
|  14|0x0000000084e00000, 0x0000000084f00000, 0x0000000084f00000|100%| O|  |TAMS 0x0000000084e00000| PB 0x0000000084e00000| Untracked 
|  15|0x0000000084f00000, 0x0000000085000000, 0x0000000085000000|100%| O|  |TAMS 0x0000000084f00000| PB 0x0000000084f00000| Untracked 
|  16|0x0000000085000000, 0x0000000085100000, 0x0000000085100000|100%| O|  |TAMS 0x0000000085000000| PB 0x0000000085000000| Untracked 
|  17|0x0000000085100000, 0x0000000085200000, 0x0000000085200000|100%| O|  |TAMS 0x0000000085100000| PB 0x0000000085100000| Untracked 
|  18|0x0000000085200000, 0x0000000085300000, 0x0000000085300000|100%| O|  |TAMS 0x0000000085200000| PB 0x0000000085200000| Untracked 
|  19|0x0000000085300000, 0x0000000085400000, 0x0000000085400000|100%| O|  |TAMS 0x0000000085300000| PB 0x0000000085300000| Untracked 
|  20|0x0000000085400000, 0x0000000085500000, 0x0000000085500000|100%| O|  |TAMS 0x0000000085400000| PB 0x0000000085400000| Untracked 
|  21|0x0000000085500000, 0x0000000085600000, 0x0000000085600000|100%| O|  |TAMS 0x0000000085500000| PB 0x0000000085500000| Untracked 
|  22|0x0000000085600000, 0x0000000085700000, 0x0000000085700000|100%| O|  |TAMS 0x0000000085600000| PB 0x0000000085600000| Untracked 
|  23|0x0000000085700000, 0x0000000085800000, 0x0000000085800000|100%| O|  |TAMS 0x0000000085700000| PB 0x0000000085700000| Untracked 
|  24|0x0000000085800000, 0x0000000085900000, 0x0000000085900000|100%| O|  |TAMS 0x0000000085800000| PB 0x0000000085800000| Untracked 
|  25|0x0000000085900000, 0x00000000859b1cb8, 0x0000000085a00000| 69%| O|  |TAMS 0x0000000085900000| PB 0x0000000085900000| Untracked 
|  26|0x0000000085a00000, 0x0000000085a00000, 0x0000000085b00000|  0%| F|  |TAMS 0x0000000085a00000| PB 0x0000000085a00000| Untracked 
|  27|0x0000000085b00000, 0x0000000085b00000, 0x0000000085c00000|  0%| F|  |TAMS 0x0000000085b00000| PB 0x0000000085b00000| Untracked 
|  28|0x0000000085c00000, 0x0000000085c00000, 0x0000000085d00000|  0%| F|  |TAMS 0x0000000085c00000| PB 0x0000000085c00000| Untracked 
|  29|0x0000000085d00000, 0x0000000085d00000, 0x0000000085e00000|  0%| F|  |TAMS 0x0000000085d00000| PB 0x0000000085d00000| Untracked 
|  30|0x0000000085e00000, 0x0000000085e0b100, 0x0000000085f00000|  4%| S|CS|TAMS 0x0000000085e00000| PB 0x0000000085e00000| Complete 
|  31|0x0000000085f00000, 0x0000000086000000, 0x0000000086000000|100%| O|  |TAMS 0x0000000085f00000| PB 0x0000000085f00000| Untracked 
|  32|0x0000000086000000, 0x0000000086000000, 0x0000000086100000|  0%| F|  |TAMS 0x0000000086000000| PB 0x0000000086000000| Untracked 
|  33|0x0000000086100000, 0x0000000086200000, 0x0000000086200000|100%| O|  |TAMS 0x0000000086100000| PB 0x0000000086100000| Untracked 
|  34|0x0000000086200000, 0x0000000086300000, 0x0000000086300000|100%| O|  |TAMS 0x0000000086200000| PB 0x0000000086200000| Untracked 
|  35|0x0000000086300000, 0x0000000086300000, 0x0000000086400000|  0%| F|  |TAMS 0x0000000086300000| PB 0x0000000086300000| Untracked 
|  36|0x0000000086400000, 0x0000000086400000, 0x0000000086500000|  0%| F|  |TAMS 0x0000000086400000| PB 0x0000000086400000| Untracked 
|  37|0x0000000086500000, 0x0000000086500000, 0x0000000086600000|  0%| F|  |TAMS 0x0000000086500000| PB 0x0000000086500000| Untracked 
|  38|0x0000000086600000, 0x0000000086600000, 0x0000000086700000|  0%| F|  |TAMS 0x0000000086600000| PB 0x0000000086600000| Untracked 
|  39|0x0000000086700000, 0x0000000086700000, 0x0000000086800000|  0%| F|  |TAMS 0x0000000086700000| PB 0x0000000086700000| Untracked 
|  40|0x0000000086800000, 0x00000000868c9c58, 0x0000000086900000| 78%| E|  |TAMS 0x0000000086800000| PB 0x0000000086800000| Complete 
|  41|0x0000000086900000, 0x0000000086a00000, 0x0000000086a00000|100%| E|CS|TAMS 0x0000000086900000| PB 0x0000000086900000| Complete 
|  42|0x0000000086a00000, 0x0000000086b00000, 0x0000000086b00000|100%| E|CS|TAMS 0x0000000086a00000| PB 0x0000000086a00000| Complete 
|  43|0x0000000086b00000, 0x0000000086c00000, 0x0000000086c00000|100%| E|CS|TAMS 0x0000000086b00000| PB 0x0000000086b00000| Complete 
|  44|0x0000000086c00000, 0x0000000086d00000, 0x0000000086d00000|100%| E|CS|TAMS 0x0000000086c00000| PB 0x0000000086c00000| Complete 
|  45|0x0000000086d00000, 0x0000000086e00000, 0x0000000086e00000|100%| E|CS|TAMS 0x0000000086d00000| PB 0x0000000086d00000| Complete 
|  46|0x0000000086e00000, 0x0000000086f00000, 0x0000000086f00000|100%| E|CS|TAMS 0x0000000086e00000| PB 0x0000000086e00000| Complete 
|  47|0x0000000086f00000, 0x0000000087000000, 0x0000000087000000|100%| E|CS|TAMS 0x0000000086f00000| PB 0x0000000086f00000| Complete 
|  48|0x0000000087000000, 0x0000000087100000, 0x0000000087100000|100%| E|CS|TAMS 0x0000000087000000| PB 0x0000000087000000| Complete 
|  49|0x0000000087100000, 0x0000000087200000, 0x0000000087200000|100%| E|CS|TAMS 0x0000000087100000| PB 0x0000000087100000| Complete 
|  50|0x0000000087200000, 0x0000000087300000, 0x0000000087300000|100%| E|CS|TAMS 0x0000000087200000| PB 0x0000000087200000| Complete 
|  51|0x0000000087300000, 0x0000000087400000, 0x0000000087400000|100%| E|CS|TAMS 0x0000000087300000| PB 0x0000000087300000| Complete 
|  52|0x0000000087400000, 0x0000000087500000, 0x0000000087500000|100%| E|CS|TAMS 0x0000000087400000| PB 0x0000000087400000| Complete 
|  53|0x0000000087500000, 0x0000000087600000, 0x0000000087600000|100%| E|CS|TAMS 0x0000000087500000| PB 0x0000000087500000| Complete 
|  54|0x0000000087600000, 0x0000000087700000, 0x0000000087700000|100%| E|CS|TAMS 0x0000000087600000| PB 0x0000000087600000| Complete 
|  55|0x0000000087700000, 0x0000000087800000, 0x0000000087800000|100%| E|CS|TAMS 0x0000000087700000| PB 0x0000000087700000| Complete 
|  56|0x0000000087800000, 0x0000000087900000, 0x0000000087900000|100%| E|CS|TAMS 0x0000000087800000| PB 0x0000000087800000| Complete 
|  57|0x0000000087900000, 0x0000000087a00000, 0x0000000087a00000|100%| E|CS|TAMS 0x0000000087900000| PB 0x0000000087900000| Complete 
|  58|0x0000000087a00000, 0x0000000087b00000, 0x0000000087b00000|100%| E|CS|TAMS 0x0000000087a00000| PB 0x0000000087a00000| Complete 
|  59|0x0000000087b00000, 0x0000000087c00000, 0x0000000087c00000|100%| E|CS|TAMS 0x0000000087b00000| PB 0x0000000087b00000| Complete 
|  60|0x0000000087c00000, 0x0000000087d00000, 0x0000000087d00000|100%| E|CS|TAMS 0x0000000087c00000| PB 0x0000000087c00000| Complete 
|  61|0x0000000087d00000, 0x0000000087e00000, 0x0000000087e00000|100%| E|CS|TAMS 0x0000000087d00000| PB 0x0000000087d00000| Complete 
|  62|0x0000000087e00000, 0x0000000087f00000, 0x0000000087f00000|100%| E|CS|TAMS 0x0000000087e00000| PB 0x0000000087e00000| Complete 
|  63|0x0000000087f00000, 0x0000000088000000, 0x0000000088000000|100%| E|CS|TAMS 0x0000000087f00000| PB 0x0000000087f00000| Complete 
|  64|0x0000000088000000, 0x0000000088100000, 0x0000000088100000|100%| E|CS|TAMS 0x0000000088000000| PB 0x0000000088000000| Complete 
|  79|0x0000000088f00000, 0x0000000089000000, 0x0000000089000000|100%| E|CS|TAMS 0x0000000088f00000| PB 0x0000000088f00000| Complete 
|  80|0x0000000089000000, 0x0000000089100000, 0x0000000089100000|100%| E|CS|TAMS 0x0000000089000000| PB 0x0000000089000000| Complete 
|  81|0x0000000089100000, 0x0000000089200000, 0x0000000089200000|100%| E|CS|TAMS 0x0000000089100000| PB 0x0000000089100000| Complete 
|  82|0x0000000089200000, 0x0000000089300000, 0x0000000089300000|100%| E|CS|TAMS 0x0000000089200000| PB 0x0000000089200000| Complete 
|  83|0x0000000089300000, 0x0000000089400000, 0x0000000089400000|100%| E|CS|TAMS 0x0000000089300000| PB 0x0000000089300000| Complete 
|  84|0x0000000089400000, 0x0000000089500000, 0x0000000089500000|100%| E|CS|TAMS 0x0000000089400000| PB 0x0000000089400000| Complete 
| 123|0x000000008bb00000, 0x000000008bc00000, 0x000000008bc00000|100%| E|CS|TAMS 0x000000008bb00000| PB 0x000000008bb00000| Complete 

Card table byte_map: [0x000002044a460000,0x000002044a840000] _byte_map_base: 0x000002044a040000

Marking Bits: (CMBitMap*) 0x000002043eb7ce80
 Bits: [0x000002044a840000, 0x000002044c740000)

Polling page: 0x000002043c9f0000

Metaspace:

Usage:
  Non-class:     60.84 MB used.
      Class:     10.01 MB used.
       Both:     70.85 MB used.

Virtual space:
  Non-class space:       64.00 MB reserved,      61.69 MB ( 96%) committed,  1 nodes.
      Class space:        1.00 GB reserved,      10.50 MB (  1%) committed,  1 nodes.
             Both:        1.06 GB reserved,      72.19 MB (  7%) committed. 

Chunk freelists:
   Non-Class:  2.40 MB
       Class:  5.70 MB
        Both:  8.10 MB

MaxMetaspaceSize: unlimited
CompressedClassSpaceSize: 1.00 GB
Initial GC threshold: 21.00 MB
Current GC threshold: 120.31 MB
CDS: on
 - commit_granule_bytes: 65536.
 - commit_granule_words: 8192.
 - virtual_space_node_default_size: 8388608.
 - enlarge_chunks_in_place: 1.
 - use_allocation_guard: 0.


Internal statistics:

num_allocs_failed_limit: 6.
num_arena_births: 1290.
num_arena_deaths: 516.
num_vsnodes_births: 2.
num_vsnodes_deaths: 0.
num_space_committed: 1155.
num_space_uncommitted: 0.
num_chunks_returned_to_freelist: 598.
num_chunks_taken_from_freelist: 3895.
num_chunk_merges: 156.
num_chunk_splits: 2695.
num_chunks_enlarged: 2026.
num_inconsistent_stats: 0.

CodeCache: size=49152Kb used=10605Kb max_used=18814Kb free=38546Kb
 bounds [0x0000020446f70000, 0x0000020448230000, 0x0000020449f70000]
 total_blobs=4319 nmethods=3565 adapters=675
 compilation: enabled
              stopped_count=0, restarted_count=0
 full_count=0

Compilation events (20 events):
Event: 5306.258 Thread 0x000002049790e1f0 nmethod 11047 0x000002044715e390 code [0x000002044715e580, 0x000002044715e8f0]
Event: 5306.258 Thread 0x000002049790e1f0 11050       1       java.util.AbstractList::<init> (10 bytes)
Event: 5306.258 Thread 0x000002049790e1f0 nmethod 11050 0x00000204471f2790 code [0x00000204471f2920, 0x00000204471f29f0]
Event: 5306.259 Thread 0x0000020495eb16c0 nmethod 11048 0x00000204471cf010 code [0x00000204471cf220, 0x00000204471cf918]
Event: 5306.259 Thread 0x0000020495eb16c0 11051       1       sun.security.ssl.SSLAlgorithmConstraints::permits (96 bytes)
Event: 5306.259 Thread 0x000002049790e1f0 11052       1       java.util.ArrayList::<init> (12 bytes)
Event: 5306.260 Thread 0x000002049790e1f0 nmethod 11052 0x0000020447317610 code [0x00000204473177a0, 0x00000204473178d0]
Event: 5306.260 Thread 0x000002049790e1f0 11055       1       java.util.ImmutableCollections$MapN$MapNIterator::next (75 bytes)
Event: 5306.260 Thread 0x0000020495eb16c0 nmethod 11051 0x000002044728af90 code [0x000002044728b160, 0x000002044728b390]
Event: 5306.260 Thread 0x0000020495eb16c0 11057       1       java.lang.String::split (242 bytes)
Event: 5306.260 Thread 0x000002049790e1f0 nmethod 11055 0x0000020447188210 code [0x0000020447188400, 0x00000204471888e0]
Event: 5306.260 Thread 0x000002049790e1f0 11053       1       java.util.ImmutableCollections$MapN$MapNIterator::nextIndex (56 bytes)
Event: 5306.260 Thread 0x000002049790e1f0 nmethod 11053 0x00000204473e0d10 code [0x00000204473e0ea0, 0x00000204473e0f90]
Event: 5306.260 Thread 0x000002049790e1f0 11058       1       java.util.LinkedList$ListItr::hasNext (20 bytes)
Event: 5306.260 Thread 0x000002049790e1f0 nmethod 11058 0x00000204471f4510 code [0x00000204471f46a0, 0x00000204471f4788]
Event: 5306.260 Thread 0x000002049790e1f0 11054       1       java.util.KeyValueHolder::<init> (21 bytes)
Event: 5306.260 Thread 0x000002049790e1f0 nmethod 11054 0x00000204475b1c90 code [0x00000204475b1e40, 0x00000204475b20f8]
Event: 5306.261 Thread 0x000002049790e1f0 11056       1       java.lang.String::split (148 bytes)
Event: 5306.261 Thread 0x0000020495eb16c0 nmethod 11057 0x000002044724cf90 code [0x000002044724d240, 0x000002044724e0e8]
Event: 5306.261 Thread 0x000002044f1ee950 nmethod 11049% 0x000002044754b310 code [0x000002044754b600, 0x000002044754d198]

GC Heap History (20 events):
Event: 5249.830 GC heap before
{Heap before GC invocations=79 (full 0):
 garbage-first heap   total 73728K, used 66589K [0x0000000084000000, 0x0000000100000000)
  region size 1024K, 38 young (38912K), 1 survivors (1024K)
 Metaspace       used 72544K, committed 73920K, reserved 1114112K
  class space    used 10247K, committed 10752K, reserved 1048576K
}
Event: 5249.831 GC heap after
{Heap after GC invocations=80 (full 0):
 garbage-first heap   total 73728K, used 28711K [0x0000000084000000, 0x0000000100000000)
  region size 1024K, 1 young (1024K), 1 survivors (1024K)
 Metaspace       used 72544K, committed 73920K, reserved 1114112K
  class space    used 10247K, committed 10752K, reserved 1048576K
}
Event: 5252.041 GC heap before
{Heap before GC invocations=80 (full 0):
 garbage-first heap   total 73728K, used 66599K [0x0000000084000000, 0x0000000100000000)
  region size 1024K, 38 young (38912K), 1 survivors (1024K)
 Metaspace       used 72544K, committed 73920K, reserved 1114112K
  class space    used 10247K, committed 10752K, reserved 1048576K
}
Event: 5252.045 GC heap after
{Heap after GC invocations=81 (full 0):
 garbage-first heap   total 73728K, used 28577K [0x0000000084000000, 0x0000000100000000)
  region size 1024K, 1 young (1024K), 1 survivors (1024K)
 Metaspace       used 72544K, committed 73920K, reserved 1114112K
  class space    used 10247K, committed 10752K, reserved 1048576K
}
Event: 5254.374 GC heap before
{Heap before GC invocations=81 (full 0):
 garbage-first heap   total 73728K, used 66465K [0x0000000084000000, 0x0000000100000000)
  region size 1024K, 38 young (38912K), 1 survivors (1024K)
 Metaspace       used 72544K, committed 73920K, reserved 1114112K
  class space    used 10247K, committed 10752K, reserved 1048576K
}
Event: 5254.376 GC heap after
{Heap after GC invocations=82 (full 0):
 garbage-first heap   total 73728K, used 28585K [0x0000000084000000, 0x0000000100000000)
  region size 1024K, 1 young (1024K), 1 survivors (1024K)
 Metaspace       used 72544K, committed 73920K, reserved 1114112K
  class space    used 10247K, committed 10752K, reserved 1048576K
}
Event: 5256.234 GC heap before
{Heap before GC invocations=83 (full 0):
 garbage-first heap   total 73728K, used 66473K [0x0000000084000000, 0x0000000100000000)
  region size 1024K, 38 young (38912K), 1 survivors (1024K)
 Metaspace       used 72544K, committed 73920K, reserved 1114112K
  class space    used 10247K, committed 10752K, reserved 1048576K
}
Event: 5256.235 GC heap after
{Heap after GC invocations=84 (full 0):
 garbage-first heap   total 73728K, used 28593K [0x0000000084000000, 0x0000000100000000)
  region size 1024K, 1 young (1024K), 1 survivors (1024K)
 Metaspace       used 72544K, committed 73920K, reserved 1114112K
  class space    used 10247K, committed 10752K, reserved 1048576K
}
Event: 5258.008 GC heap before
{Heap before GC invocations=84 (full 0):
 garbage-first heap   total 73728K, used 66481K [0x0000000084000000, 0x0000000100000000)
  region size 1024K, 38 young (38912K), 1 survivors (1024K)
 Metaspace       used 72544K, committed 73920K, reserved 1114112K
  class space    used 10247K, committed 10752K, reserved 1048576K
}
Event: 5258.020 GC heap after
{Heap after GC invocations=85 (full 0):
 garbage-first heap   total 73728K, used 28367K [0x0000000084000000, 0x0000000100000000)
  region size 1024K, 1 young (1024K), 1 survivors (1024K)
 Metaspace       used 72544K, committed 73920K, reserved 1114112K
  class space    used 10247K, committed 10752K, reserved 1048576K
}
Event: 5259.776 GC heap before
{Heap before GC invocations=85 (full 0):
 garbage-first heap   total 73728K, used 66255K [0x0000000084000000, 0x0000000100000000)
  region size 1024K, 38 young (38912K), 1 survivors (1024K)
 Metaspace       used 72544K, committed 73920K, reserved 1114112K
  class space    used 10247K, committed 10752K, reserved 1048576K
}
Event: 5259.778 GC heap after
{Heap after GC invocations=86 (full 0):
 garbage-first heap   total 73728K, used 28391K [0x0000000084000000, 0x0000000100000000)
  region size 1024K, 1 young (1024K), 1 survivors (1024K)
 Metaspace       used 72544K, committed 73920K, reserved 1114112K
  class space    used 10247K, committed 10752K, reserved 1048576K
}
Event: 5261.535 GC heap before
{Heap before GC invocations=87 (full 0):
 garbage-first heap   total 73728K, used 66279K [0x0000000084000000, 0x0000000100000000)
  region size 1024K, 38 young (38912K), 1 survivors (1024K)
 Metaspace       used 72544K, committed 73920K, reserved 1114112K
  class space    used 10247K, committed 10752K, reserved 1048576K
}
Event: 5261.536 GC heap after
{Heap after GC invocations=88 (full 0):
 garbage-first heap   total 73728K, used 28413K [0x0000000084000000, 0x0000000100000000)
  region size 1024K, 1 young (1024K), 1 survivors (1024K)
 Metaspace       used 72544K, committed 73920K, reserved 1114112K
  class space    used 10247K, committed 10752K, reserved 1048576K
}
Event: 5264.860 GC heap before
{Heap before GC invocations=88 (full 0):
 garbage-first heap   total 73728K, used 66301K [0x0000000084000000, 0x0000000100000000)
  region size 1024K, 38 young (38912K), 1 survivors (1024K)
 Metaspace       used 72544K, committed 73920K, reserved 1114112K
  class space    used 10247K, committed 10752K, reserved 1048576K
}
Event: 5264.863 GC heap after
{Heap after GC invocations=89 (full 0):
 garbage-first heap   total 73728K, used 28397K [0x0000000084000000, 0x0000000100000000)
  region size 1024K, 1 young (1024K), 1 survivors (1024K)
 Metaspace       used 72544K, committed 73920K, reserved 1114112K
  class space    used 10247K, committed 10752K, reserved 1048576K
}
Event: 5267.016 GC heap before
{Heap before GC invocations=90 (full 0):
 garbage-first heap   total 73728K, used 66285K [0x0000000084000000, 0x0000000100000000)
  region size 1024K, 38 young (38912K), 1 survivors (1024K)
 Metaspace       used 72544K, committed 73920K, reserved 1114112K
  class space    used 10247K, committed 10752K, reserved 1048576K
}
Event: 5267.017 GC heap after
{Heap after GC invocations=91 (full 0):
 garbage-first heap   total 73728K, used 28399K [0x0000000084000000, 0x0000000100000000)
  region size 1024K, 1 young (1024K), 1 survivors (1024K)
 Metaspace       used 72544K, committed 73920K, reserved 1114112K
  class space    used 10247K, committed 10752K, reserved 1048576K
}
Event: 5268.946 GC heap before
{Heap before GC invocations=91 (full 0):
 garbage-first heap   total 73728K, used 66287K [0x0000000084000000, 0x0000000100000000)
  region size 1024K, 38 young (38912K), 1 survivors (1024K)
 Metaspace       used 72544K, committed 73920K, reserved 1114112K
  class space    used 10247K, committed 10752K, reserved 1048576K
}
Event: 5268.947 GC heap after
{Heap after GC invocations=92 (full 0):
 garbage-first heap   total 73728K, used 28403K [0x0000000084000000, 0x0000000100000000)
  region size 1024K, 1 young (1024K), 1 survivors (1024K)
 Metaspace       used 72544K, committed 73920K, reserved 1114112K
  class space    used 10247K, committed 10752K, reserved 1048576K
}

Dll operation events (13 events):
Event: 0.009 Loaded shared library C:\Users\dell\.jdks\openjdk-21\bin\java.dll
Event: 0.099 Loaded shared library C:\Users\dell\.jdks\openjdk-21\bin\zip.dll
Event: 0.102 Loaded shared library C:\Users\dell\.jdks\openjdk-21\bin\instrument.dll
Event: 0.106 Loaded shared library C:\Users\dell\.jdks\openjdk-21\bin\net.dll
Event: 0.108 Loaded shared library C:\Users\dell\.jdks\openjdk-21\bin\nio.dll
Event: 0.111 Loaded shared library C:\Users\dell\.jdks\openjdk-21\bin\zip.dll
Event: 0.207 Loaded shared library C:\Program Files\JetBrains\IntelliJ IDEA 2023.2.3\bin\breakgen64.dll
Event: 0.213 Loaded shared library C:\Users\dell\.jdks\openjdk-21\bin\jimage.dll
Event: 0.216 Loaded shared library C:\Users\dell\.jdks\openjdk-21\bin\extnet.dll
Event: 0.233 Loaded shared library C:\Users\dell\.jdks\openjdk-21\bin\management.dll
Event: 0.249 Loaded shared library C:\Users\dell\.jdks\openjdk-21\bin\management_ext.dll
Event: 2.583 Loaded shared library C:\Users\dell\.jdks\openjdk-21\bin\sunmscapi.dll
Event: 3.414 Loaded shared library C:\Users\dell\.jdks\openjdk-21\bin\verify.dll

Deoptimization events (16 events):
Event: 0.416 Thread 0x000002043eb26fe0 DEOPT PACKING pc=0x0000020447257bdd sp=0x0000002c2c5fd1e0
Event: 0.416 Thread 0x000002043eb26fe0 DEOPT UNPACKING pc=0x0000020446fc88e2 sp=0x0000002c2c5fc690 mode 3
Event: 0.426 Thread 0x000002043eb26fe0 DEOPT PACKING pc=0x000002044738a760 sp=0x0000002c2c5fd0e0
Event: 0.426 Thread 0x000002043eb26fe0 DEOPT UNPACKING pc=0x0000020446fc88e2 sp=0x0000002c2c5fc598 mode 3
Event: 1.323 Thread 0x000002044f1e3530 DEOPT PACKING pc=0x00000204475f59f9 sp=0x0000002c2e2fceb0
Event: 1.323 Thread 0x000002044f1e3530 DEOPT UNPACKING pc=0x0000020446fc88e2 sp=0x0000002c2e2fc390 mode 3
Event: 2.222 Thread 0x000002044f1e3530 DEOPT PACKING pc=0x000002044782ba79 sp=0x0000002c2e2fc6d0
Event: 2.222 Thread 0x000002044f1e3530 DEOPT UNPACKING pc=0x0000020446fc88e2 sp=0x0000002c2e2fbbb0 mode 3
Event: 2.722 Thread 0x000002044f1e3530 DEOPT PACKING pc=0x00000204478b1d9d sp=0x0000002c2e2f86f0
Event: 2.722 Thread 0x000002044f1e3530 DEOPT UNPACKING pc=0x0000020446fc88e2 sp=0x0000002c2e2f7c58 mode 3
Event: 4.664 Thread 0x000002044f1e3530 DEOPT PACKING pc=0x0000020447619224 sp=0x0000002c2e2fc070
Event: 4.664 Thread 0x000002044f1e3530 DEOPT UNPACKING pc=0x0000020446fc88e2 sp=0x0000002c2e2fb5c8 mode 0
Event: 4.856 Thread 0x000002044f1e3530 DEOPT PACKING pc=0x000002044760a889 sp=0x0000002c2e2fcba0
Event: 4.856 Thread 0x000002044f1e3530 DEOPT UNPACKING pc=0x0000020446fc88e2 sp=0x0000002c2e2fc0a8 mode 3
Event: 4.856 Thread 0x000002044f1e3530 DEOPT PACKING pc=0x00000204475f185a sp=0x0000002c2e2fcb60
Event: 4.856 Thread 0x000002044f1e3530 DEOPT UNPACKING pc=0x0000020446fc88e2 sp=0x0000002c2e2fc0a8 mode 3

Classes loaded (20 events):
Event: 82.603 Loading class java/time/format/DateTimeFormatterBuilder$ZoneTextPrinterParser
Event: 82.603 Loading class java/time/format/DateTimeFormatterBuilder$ZoneTextPrinterParser done
Event: 82.603 Loading class java/time/format/DateTimeFormatterBuilder$ReducedPrinterParser
Event: 82.604 Loading class java/time/format/DateTimeFormatterBuilder$ReducedPrinterParser done
Event: 82.686 Loading class java/util/AbstractMap$SimpleEntry
Event: 82.686 Loading class java/util/AbstractMap$SimpleEntry done
Event: 82.773 Loading class java/util/stream/LongStream
Event: 82.774 Loading class java/util/stream/LongStream done
Event: 82.774 Loading class java/util/stream/DoubleStream
Event: 82.775 Loading class java/util/stream/DoubleStream done
Event: 82.790 Loading class org/w3c/dom/Document
Event: 82.792 Loading class org/w3c/dom/Document done
Event: 1760.707 Loading class sun/security/ssl/Alert
Event: 1760.742 Loading class sun/security/ssl/Alert done
Event: 1760.750 Loading class sun/security/ssl/Alert$AlertConsumer
Event: 1760.757 Loading class sun/security/ssl/Alert$AlertConsumer done
Event: 1760.757 Loading class sun/security/ssl/Alert$Level
Event: 1760.758 Loading class sun/security/ssl/Alert$Level done
Event: 1760.763 Loading class sun/net/ConnectionResetException
Event: 1760.764 Loading class sun/net/ConnectionResetException done

Classes unloaded (20 events):
Event: 3553.402 Thread 0x000002044f1bb3f0 Unloading class 0x00000204519b0400 'java/lang/invoke/LambdaForm$MH+0x00000204519b0400'
Event: 3553.402 Thread 0x000002044f1bb3f0 Unloading class 0x00000204519afc00 'java/lang/invoke/LambdaForm$MH+0x00000204519afc00'
Event: 3553.402 Thread 0x000002044f1bb3f0 Unloading class 0x00000204519af400 'java/lang/invoke/LambdaForm$MH+0x00000204519af400'
Event: 3553.402 Thread 0x000002044f1bb3f0 Unloading class 0x00000204519af000 'java/lang/invoke/LambdaForm$MH+0x00000204519af000'
Event: 3553.402 Thread 0x000002044f1bb3f0 Unloading class 0x00000204519aec00 'java/lang/invoke/LambdaForm$MH+0x00000204519aec00'
Event: 3553.402 Thread 0x000002044f1bb3f0 Unloading class 0x00000204519ae800 'java/lang/invoke/LambdaForm$MH+0x00000204519ae800'
Event: 3553.402 Thread 0x000002044f1bb3f0 Unloading class 0x00000204519adc00 'java/lang/invoke/LambdaForm$MH+0x00000204519adc00'
Event: 3553.402 Thread 0x000002044f1bb3f0 Unloading class 0x00000204519ad800 'java/lang/invoke/LambdaForm$MH+0x00000204519ad800'
Event: 3553.402 Thread 0x000002044f1bb3f0 Unloading class 0x00000204519ad400 'java/lang/invoke/LambdaForm$MH+0x00000204519ad400'
Event: 3553.402 Thread 0x000002044f1bb3f0 Unloading class 0x00000204519ad000 'java/lang/invoke/LambdaForm$MH+0x00000204519ad000'
Event: 3553.402 Thread 0x000002044f1bb3f0 Unloading class 0x00000204519acc00 'java/lang/invoke/LambdaForm$MH+0x00000204519acc00'
Event: 3553.402 Thread 0x000002044f1bb3f0 Unloading class 0x00000204519ac800 'java/lang/invoke/LambdaForm$MH+0x00000204519ac800'
Event: 3553.402 Thread 0x000002044f1bb3f0 Unloading class 0x00000204519ac400 'java/lang/invoke/LambdaForm$MH+0x00000204519ac400'
Event: 3553.402 Thread 0x000002044f1bb3f0 Unloading class 0x00000204519a1800 'java/lang/invoke/LambdaForm$MH+0x00000204519a1800'
Event: 3553.402 Thread 0x000002044f1bb3f0 Unloading class 0x00000204519a1000 'java/lang/invoke/LambdaForm$MH+0x00000204519a1000'
Event: 3553.402 Thread 0x000002044f1bb3f0 Unloading class 0x00000204519a0c00 'java/lang/invoke/LambdaForm$MH+0x00000204519a0c00'
Event: 3553.402 Thread 0x000002044f1bb3f0 Unloading class 0x00000204519a0800 'java/lang/invoke/LambdaForm$MH+0x00000204519a0800'
Event: 3553.403 Thread 0x000002044f1bb3f0 Unloading class 0x000002045199c400 'java/lang/invoke/LambdaForm$MH+0x000002045199c400'
Event: 5093.828 Thread 0x000002044f1bb3f0 Unloading class 0x000002045198a400 'java/lang/invoke/LambdaForm$MH+0x000002045198a400'
Event: 5093.828 Thread 0x000002044f1bb3f0 Unloading class 0x0000020451a74400 'java/lang/invoke/LambdaForm$MH+0x0000020451a74400'

Classes redefined (0 events):
No events

Internal exceptions (20 events):
Event: 5.348 Thread 0x000002044f1e3530 Exception <a 'java/lang/NoSuchMethodError'{0x0000000087b5f4d0}: 'java.lang.Object java.lang.invoke.DirectMethodHandle$Holder.newInvokeSpecial(java.lang.Object, java.lang.Object, int, java.lang.Object, java.lang.Object)'> (0x0000000087b5f4d0) 
thrown [s\open\src\hotspot\share\interpreter\linkResolver.cpp, line 773]
Event: 5.349 Thread 0x000002044f1e3530 Exception <a 'java/lang/NoSuchMethodError'{0x0000000087b69fa0}: 'java.lang.Object java.lang.invoke.DirectMethodHandle$Holder.invokeSpecial(java.lang.Object, java.lang.Object, int, java.lang.Object, int, java.lang.Object)'> (0x0000000087b69fa0) 
thrown [s\open\src\hotspot\share\interpreter\linkResolver.cpp, line 773]
Event: 5.349 Thread 0x000002044f1e3530 Exception <a 'java/lang/NoSuchMethodError'{0x0000000087b71370}: 'java.lang.Object java.lang.invoke.DirectMethodHandle$Holder.newInvokeSpecial(java.lang.Object, java.lang.Object, int, java.lang.Object, int)'> (0x0000000087b71370) 
thrown [s\open\src\hotspot\share\interpreter\linkResolver.cpp, line 773]
Event: 5.349 Thread 0x000002044f1e3530 Exception <a 'java/lang/NoSuchMethodError'{0x0000000087b751e0}: 'java.lang.Object java.lang.invoke.DirectMethodHandle$Holder.invokeSpecial(java.lang.Object, java.lang.Object, java.lang.Object, int, java.lang.Object, int)'> (0x0000000087b751e0) 
thrown [s\open\src\hotspot\share\interpreter\linkResolver.cpp, line 773]
Event: 5.864 Thread 0x0000020497bb3180 Exception <a 'java/lang/NoSuchMethodError'{0x000000008786e260}: 'java.lang.Object java.lang.invoke.DirectMethodHandle$Holder.invokeInterface(java.lang.Object, java.lang.Object, java.lang.Object, java.lang.Object, java.lang.Object, java.lang.Object, java.lang.Object)'> (0x000000008786e260) 
thrown [s\open\src\hotspot\share\interpreter\linkResolver.cpp, line 773]
Event: 82.544 Thread 0x00000204957314a0 Exception <a 'java/lang/NoSuchMethodError'{0x00000000874c11a8}: 'java.lang.Object java.lang.invoke.DirectMethodHandle$Holder.invokeSpecial(java.lang.Object, java.lang.Object, java.lang.Object, java.lang.Object, java.lang.Object, long)'> (0x00000000874c11a8) 
thrown [s\open\src\hotspot\share\interpreter\linkResolver.cpp, line 773]
Event: 82.544 Thread 0x00000204957314a0 Exception <a 'java/lang/NoSuchMethodError'{0x00000000874c4968}: 'java.lang.Object java.lang.invoke.Invokers$Holder.linkToTargetMethod(java.lang.Object, java.lang.Object, java.lang.Object, long, java.lang.Object)'> (0x00000000874c4968) 
thrown [s\open\src\hotspot\share\interpreter\linkResolver.cpp, line 773]
Event: 82.619 Thread 0x00000204957314a0 Exception <a 'java/lang/NoSuchMethodError'{0x0000000087016680}: 'java.lang.Object java.lang.invoke.DirectMethodHandle$Holder.invokeVirtual(java.lang.Object, java.lang.Object, long)'> (0x0000000087016680) 
thrown [s\open\src\hotspot\share\interpreter\linkResolver.cpp, line 773]
Event: 82.619 Thread 0x00000204957314a0 Exception <a 'java/lang/NoSuchMethodError'{0x0000000087019f40}: 'long java.lang.invoke.DirectMethodHandle$Holder.invokeStatic(java.lang.Object, java.lang.Object, int)'> (0x0000000087019f40) 
thrown [s\open\src\hotspot\share\interpreter\linkResolver.cpp, line 773]
Event: 82.695 Thread 0x00000204957314a0 Exception <a 'java/lang/NoSuchMethodError'{0x0000000086b3c400}: 'void java.lang.invoke.DirectMethodHandle$Holder.invokeSpecialIFC(java.lang.Object, java.lang.Object, int, java.lang.Object, java.lang.Object, java.lang.Object, java.lang.Object)'> (0x0000000086b3c400) 
thrown [s\open\src\hotspot\share\interpreter\linkResolver.cpp, line 773]
Event: 82.743 Thread 0x00000204957314a0 Exception <a 'java/lang/NoSuchMethodError'{0x0000000086913ae8}: 'void java.lang.invoke.Invokers$Holder.invokeExact_MT(java.lang.Object, java.lang.Object, int, java.lang.Object)'> (0x0000000086913ae8) 
thrown [s\open\src\hotspot\share\interpreter\linkResolver.cpp, line 773]
Event: 105.144 Thread 0x000002049572f3d0 Exception <a 'java/lang/NoSuchMethodError'{0x00000000892eb918}: 'void java.lang.invoke.DirectMethodHandle$Holder.invokeVirtual(java.lang.Object, java.lang.Object, long)'> (0x00000000892eb918) 
thrown [s\open\src\hotspot\share\interpreter\linkResolver.cpp, line 773]
Event: 105.170 Thread 0x000002049572f3d0 Exception <a 'java/lang/NoSuchMethodError'{0x0000000089011a68}: 'void java.lang.invoke.DirectMethodHandle$Holder.invokeSpecial(java.lang.Object, java.lang.Object, java.lang.Object, java.lang.Object, java.lang.Object, java.lang.Object, java.lang.Object, java.lang.Object, java.lang.Object)'> (0x0000000089011a68) 
thrown [s\open\src\hotspot\share\interpreter\linkResolver.cpp, line 773]
Event: 105.174 Thread 0x000002049572f3d0 Exception <a 'java/lang/NoSuchMethodError'{0x000000008902f8e8}: 'int java.lang.invoke.DirectMethodHandle$Holder.invokeStatic(java.lang.Object, java.lang.Object, int, int)'> (0x000000008902f8e8) 
thrown [s\open\src\hotspot\share\interpreter\linkResolver.cpp, line 773]
Event: 1760.759 Thread 0x000002049572fa60 Exception <a 'java/io/IOException'{0x0000000086b35370}> (0x0000000086b35370) 
thrown [s\open\src\hotspot\share\prims\jni.cpp, line 520]
Event: 1760.763 Thread 0x000002049572fa60 Exception <a 'java/io/IOException'{0x0000000086b36770}> (0x0000000086b36770) 
thrown [s\open\src\hotspot\share\prims\jni.cpp, line 520]
Event: 3543.030 Thread 0x000002044f1e2180 Exception <a 'java/io/IOException'{0x0000000086860a50}> (0x0000000086860a50) 
thrown [s\open\src\hotspot\share\prims\jni.cpp, line 520]
Event: 3543.033 Thread 0x000002044f1e2180 Exception <a 'java/io/IOException'{0x0000000086861950}> (0x0000000086861950) 
thrown [s\open\src\hotspot\share\prims\jni.cpp, line 520]
Event: 5104.159 Thread 0x0000020497bb4530 Exception <a 'sun/net/ConnectionResetException'{0x0000000088ffd850}: Connection reset> (0x0000000088ffd850) 
thrown [s\open\src\hotspot\share\prims\jni.cpp, line 539]
Event: 5306.190 Thread 0x0000020495733c00 Exception <a 'java/net/SocketException'{0x000000008685dd30}: Connection reset by peer: shutdown> (0x000000008685dd30) 
thrown [s\open\src\hotspot\share\prims\jni.cpp, line 539]

ZGC Phase Switch (0 events):
No events

VM Operations (20 events):
Event: 5261.535 Executing VM operation: G1CollectForAllocation (G1 Evacuation Pause)
Event: 5261.536 Executing VM operation: G1CollectForAllocation (G1 Evacuation Pause) done
Event: 5264.859 Executing VM operation: G1CollectForAllocation (G1 Evacuation Pause)
Event: 5264.863 Executing VM operation: G1CollectForAllocation (G1 Evacuation Pause) done
Event: 5264.900 Executing VM operation: G1PauseRemark
Event: 5264.903 Executing VM operation: G1PauseRemark done
Event: 5264.914 Executing VM operation: G1PauseCleanup
Event: 5264.914 Executing VM operation: G1PauseCleanup done
Event: 5267.016 Executing VM operation: G1CollectForAllocation (G1 Evacuation Pause)
Event: 5267.017 Executing VM operation: G1CollectForAllocation (G1 Evacuation Pause) done
Event: 5268.946 Executing VM operation: G1CollectForAllocation (G1 Evacuation Pause)
Event: 5268.947 Executing VM operation: G1CollectForAllocation (G1 Evacuation Pause) done
Event: 5268.991 Executing VM operation: G1PauseRemark
Event: 5268.996 Executing VM operation: G1PauseRemark done
Event: 5269.009 Executing VM operation: G1PauseCleanup
Event: 5269.010 Executing VM operation: G1PauseCleanup done
Event: 5291.854 Executing VM operation: HandshakeAllThreads (HandshakeForDeflation)
Event: 5291.854 Executing VM operation: HandshakeAllThreads (HandshakeForDeflation) done
Event: 5291.854 Executing VM operation: RendezvousGCThreads
Event: 5291.854 Executing VM operation: RendezvousGCThreads done

Events (20 events):
Event: 5264.903 Thread 0x000002044f1bb3f0 flushing nmethod 0x0000020447359e90
Event: 5264.903 Thread 0x000002044f1bb3f0 flushing nmethod 0x0000020447344e90
Event: 5264.903 Thread 0x000002044f1bb3f0 flushing nmethod 0x0000020447342f90
Event: 5264.903 Thread 0x000002044f1bb3f0 flushing nmethod 0x0000020447344b90
Event: 5264.903 Thread 0x000002044f1bb3f0 flushing nmethod 0x00000204472f7390
Event: 5264.903 Thread 0x000002044f1bb3f0 flushing nmethod 0x0000020447342810
Event: 5264.903 Thread 0x000002044f1bb3f0 flushing nmethod 0x0000020447312110
Event: 5264.903 Thread 0x000002044f1bb3f0 flushing nmethod 0x0000020447309810
Event: 5264.903 Thread 0x000002044f1bb3f0 flushing nmethod 0x0000020447339c10
Event: 5264.903 Thread 0x000002044f1bb3f0 flushing nmethod 0x00000204471bfd90
Event: 5264.903 Thread 0x000002044f1bb3f0 flushing nmethod 0x00000204471bf090
Event: 5264.903 Thread 0x000002044f1bb3f0 flushing nmethod 0x000002044713f290
Event: 5264.903 Thread 0x000002044f1bb3f0 flushing nmethod 0x0000020447177a10
Event: 5264.903 Thread 0x000002044f1bb3f0 flushing nmethod 0x000002044712fb90
Event: 5264.903 Thread 0x000002044f1bb3f0 flushing nmethod 0x00000204470fd190
Event: 5264.903 Thread 0x000002044f1bb3f0 flushing nmethod 0x0000020447107a10
Event: 5306.183 Thread 0x0000020495733c00 Thread added: 0x0000020495733c00
Event: 5306.184 Thread 0x0000020495734290 Thread added: 0x0000020495734290
Event: 5306.198 Thread 0x0000020495eb16c0 Thread added: 0x0000020495eb16c0
Event: 5306.255 Thread 0x000002049790e1f0 Thread added: 0x000002049790e1f0


Dynamic libraries:
0x00007ff6d9d20000 - 0x00007ff6d9d2e000 	C:\Users\dell\.jdks\openjdk-21\bin\java.exe
0x00007ffac2490000 - 0x00007ffac2688000 	C:\Windows\SYSTEM32\ntdll.dll
0x00007ffac0ba0000 - 0x00007ffac0c5d000 	C:\Windows\System32\KERNEL32.DLL
0x00007ffabfb70000 - 0x00007ffabfe66000 	C:\Windows\System32\KERNELBASE.dll
0x00007ffac0390000 - 0x00007ffac0490000 	C:\Windows\System32\ucrtbase.dll
0x00007ffa6a050000 - 0x00007ffa6a06b000 	C:\Users\dell\.jdks\openjdk-21\bin\VCRUNTIME140.dll
0x00007ffa6b6f0000 - 0x00007ffa6b708000 	C:\Users\dell\.jdks\openjdk-21\bin\jli.dll
0x00007ffac0e70000 - 0x00007ffac100e000 	C:\Windows\System32\USER32.dll
0x00007ffabef20000 - 0x00007ffabf1ba000 	C:\Windows\WinSxS\amd64_microsoft.windows.common-controls_6595b64144ccf1df_6.0.19041.3636_none_60b6a03d71f818d5\COMCTL32.dll
0x00007ffac0490000 - 0x00007ffac04b2000 	C:\Windows\System32\win32u.dll
0x00007ffac13c0000 - 0x00007ffac145e000 	C:\Windows\System32\msvcrt.dll
0x00007ffac18e0000 - 0x00007ffac190c000 	C:\Windows\System32\GDI32.dll
0x00007ffabfe70000 - 0x00007ffabff8a000 	C:\Windows\System32\gdi32full.dll
0x00007ffac0020000 - 0x00007ffac00bd000 	C:\Windows\System32\msvcp_win.dll
0x00007ffac1970000 - 0x00007ffac19a0000 	C:\Windows\System32\IMM32.DLL
0x00007ffa82380000 - 0x00007ffa8238c000 	C:\Users\dell\.jdks\openjdk-21\bin\vcruntime140_1.dll
0x00007ffa5b340000 - 0x00007ffa5b3ce000 	C:\Users\dell\.jdks\openjdk-21\bin\msvcp140.dll
0x00007ffa5a620000 - 0x00007ffa5b333000 	C:\Users\dell\.jdks\openjdk-21\bin\server\jvm.dll
0x00007ffac0c70000 - 0x00007ffac0d1f000 	C:\Windows\System32\ADVAPI32.dll
0x00007ffac0930000 - 0x00007ffac09cc000 	C:\Windows\System32\sechost.dll
0x00007ffac0d40000 - 0x00007ffac0e66000 	C:\Windows\System32\RPCRT4.dll
0x00007ffac1070000 - 0x00007ffac10db000 	C:\Windows\System32\WS2_32.dll
0x00007ffabf770000 - 0x00007ffabf7bb000 	C:\Windows\SYSTEM32\POWRPROF.dll
0x00007ffab3c60000 - 0x00007ffab3c87000 	C:\Windows\SYSTEM32\WINMM.dll
0x00007ffabc6e0000 - 0x00007ffabc6ea000 	C:\Windows\SYSTEM32\VERSION.dll
0x00007ffabf2e0000 - 0x00007ffabf2f2000 	C:\Windows\SYSTEM32\UMPDC.dll
0x00007ffabd5a0000 - 0x00007ffabd5b2000 	C:\Windows\SYSTEM32\kernel.appcore.dll
0x00007ffa80d00000 - 0x00007ffa80d0a000 	C:\Users\dell\.jdks\openjdk-21\bin\jimage.dll
0x00007ffabf500000 - 0x00007ffabf6e4000 	C:\Windows\SYSTEM32\DBGHELP.DLL
0x00007ffabf4c0000 - 0x00007ffabf4f4000 	C:\Windows\SYSTEM32\dbgcore.DLL
0x00007ffabff90000 - 0x00007ffac0012000 	C:\Windows\System32\bcryptPrimitives.dll
0x00007ffaba510000 - 0x00007ffaba51f000 	C:\Users\dell\.jdks\openjdk-21\bin\instrument.dll
0x00007ffa5ba50000 - 0x00007ffa5ba6f000 	C:\Users\dell\.jdks\openjdk-21\bin\java.dll
0x00007ffac1d00000 - 0x00007ffac2445000 	C:\Windows\System32\SHELL32.dll
0x00007ffabd5c0000 - 0x00007ffabdd5b000 	C:\Windows\SYSTEM32\windows.storage.dll
0x00007ffac19a0000 - 0x00007ffac1cf4000 	C:\Windows\System32\combase.dll
0x00007ffabeeb0000 - 0x00007ffabeedd000 	C:\Windows\SYSTEM32\Wldp.dll
0x00007ffac0800000 - 0x00007ffac08ad000 	C:\Windows\System32\SHCORE.dll
0x00007ffac10e0000 - 0x00007ffac1135000 	C:\Windows\System32\shlwapi.dll
0x00007ffabfaa0000 - 0x00007ffabfac5000 	C:\Windows\SYSTEM32\profapi.dll
0x00007ffa5ba10000 - 0x00007ffa5ba28000 	C:\Users\dell\.jdks\openjdk-21\bin\zip.dll
0x00007ffa80c50000 - 0x00007ffa80c60000 	C:\Users\dell\.jdks\openjdk-21\bin\net.dll
0x00007ffab91a0000 - 0x00007ffab92aa000 	C:\Windows\SYSTEM32\WINHTTP.dll
0x00007ffabec10000 - 0x00007ffabec7a000 	C:\Windows\system32\mswsock.dll
0x00007ffa5ba30000 - 0x00007ffa5ba46000 	C:\Users\dell\.jdks\openjdk-21\bin\nio.dll
0x00007ffaba4e0000 - 0x00007ffaba4fa000 	C:\Program Files\JetBrains\IntelliJ IDEA 2023.2.3\bin\breakgen64.dll
0x00007ffabb8a0000 - 0x00007ffabb8a7000 	C:\Users\dell\.jdks\openjdk-21\bin\extnet.dll
0x00007ffabe940000 - 0x00007ffabea0a000 	C:\Windows\SYSTEM32\DNSAPI.dll
0x00007ffabe900000 - 0x00007ffabe93b000 	C:\Windows\SYSTEM32\IPHLPAPI.DLL
0x00007ffac18d0000 - 0x00007ffac18d8000 	C:\Windows\System32\NSI.dll
0x00007ffaaf380000 - 0x00007ffaaf38a000 	C:\Windows\System32\rasadhlp.dll
0x00007ffab3550000 - 0x00007ffab35d0000 	C:\Windows\System32\fwpuclnt.dll
0x00007ffac04c0000 - 0x00007ffac04e7000 	C:\Windows\System32\bcrypt.dll
0x00007ffaba4d0000 - 0x00007ffaba4da000 	C:\Users\dell\.jdks\openjdk-21\bin\management.dll
0x00007ffaba4c0000 - 0x00007ffaba4cb000 	C:\Users\dell\.jdks\openjdk-21\bin\management_ext.dll
0x00007ffac0c60000 - 0x00007ffac0c68000 	C:\Windows\System32\PSAPI.DLL
0x00007ffabf8e0000 - 0x00007ffabf8f8000 	C:\Windows\SYSTEM32\CRYPTSP.dll
0x00007ffabe5a0000 - 0x00007ffabe5d4000 	C:\Windows\system32\rsaenh.dll
0x00007ffabfa20000 - 0x00007ffabfa4e000 	C:\Windows\SYSTEM32\USERENV.dll
0x00007ffabece0000 - 0x00007ffabecec000 	C:\Windows\SYSTEM32\CRYPTBASE.dll
0x00007ffa8e7c0000 - 0x00007ffa8e7d7000 	C:\Windows\system32\napinsp.dll
0x00007ffa8d480000 - 0x00007ffa8d49b000 	C:\Windows\system32\pnrpnsp.dll
0x00007ffab93b0000 - 0x00007ffab93c5000 	C:\Windows\system32\wshbth.dll
0x00007ffaba360000 - 0x00007ffaba37d000 	C:\Windows\system32\NLAapi.dll
0x00007ffa8d460000 - 0x00007ffa8d472000 	C:\Windows\System32\winrnr.dll
0x00007ffab7350000 - 0x00007ffab735e000 	C:\Users\dell\.jdks\openjdk-21\bin\sunmscapi.dll
0x00007ffac0130000 - 0x00007ffac028d000 	C:\Windows\System32\CRYPT32.dll
0x00007ffabf1c0000 - 0x00007ffabf1e7000 	C:\Windows\SYSTEM32\ncrypt.dll
0x00007ffabeee0000 - 0x00007ffabef1b000 	C:\Windows\SYSTEM32\NTASN1.dll
0x00007ffa918c0000 - 0x00007ffa918d0000 	C:\Users\dell\.jdks\openjdk-21\bin\verify.dll
0x00007ffa924c0000 - 0x00007ffa924c7000 	C:\Windows\system32\wshunix.dll

dbghelp: loaded successfully - version: 4.0.5 - missing functions: none
symbol engine: initialized successfully - sym options: 0x614 - pdb path: .;C:\Users\dell\.jdks\openjdk-21\bin;C:\Windows\SYSTEM32;C:\Windows\WinSxS\amd64_microsoft.windows.common-controls_6595b64144ccf1df_6.0.19041.3636_none_60b6a03d71f818d5;C:\Users\dell\.jdks\openjdk-21\bin\server;C:\Program Files\JetBrains\IntelliJ IDEA 2023.2.3\bin

VM Arguments:
jvm_args: -XX:TieredStopAtLevel=1 -Dspring.output.ansi.enabled=always -Dcom.sun.management.jmxremote -Dspring.jmx.enabled=true -Dspring.liveBeansView.mbeanDomain -Dspring.application.admin.enabled=true -Dmanagement.endpoints.jmx.exposure.include=* -javaagent:C:\Program Files\JetBrains\IntelliJ IDEA 2023.2.3\lib\idea_rt.jar=63502:C:\Program Files\JetBrains\IntelliJ IDEA 2023.2.3\bin -Dfile.encoding=UTF-8 -Dsun.stdout.encoding=UTF-8 -Dsun.stderr.encoding=UTF-8 
java_command: uiass.eia.myapi.MyapiApplication
java_class_path (initial): C:\Users\dell\IdeaProjects\myapi\target\classes;C:\Users\dell\.m2\repository\org\springframework\boot\spring-boot-starter-data-rest\3.1.4\spring-boot-starter-data-rest-3.1.4.jar;C:\Users\dell\.m2\repository\org\springframework\data\spring-data-rest-webmvc\4.1.4\spring-data-rest-webmvc-4.1.4.jar;C:\Users\dell\.m2\repository\org\springframework\data\spring-data-rest-core\4.1.4\spring-data-rest-core-4.1.4.jar;C:\Users\dell\.m2\repository\org\springframework\hateoas\spring-hateoas\2.1.2\spring-hateoas-2.1.2.jar;C:\Users\dell\.m2\repository\org\springframework\plugin\spring-plugin-core\3.0.0\spring-plugin-core-3.0.0.jar;C:\Users\dell\.m2\repository\org\atteo\evo-inflector\1.3\evo-inflector-1.3.jar;C:\Users\dell\.m2\repository\com\fasterxml\jackson\core\jackson-databind\2.15.2\jackson-databind-2.15.2.jar;C:\Users\dell\.m2\repository\com\fasterxml\jackson\core\jackson-core\2.15.2\jackson-core-2.15.2.jar;C:\Users\dell\.m2\repository\com\fasterxml\jackson\core\jackson-annotations\2.15.2\jackson-annotations-2.15.2.jar;C:\Users\dell\.m2\repository\org\slf4j\slf4j-api\2.0.9\slf4j-api-2.0.9.jar;C:\Users\dell\.m2\repository\org\springframework\boot\spring-boot-starter-web\3.1.4\spring-boot-starter-web-3.1.4.jar;C:\Users\dell\.m2\repository\org\springframework\boot\spring-boot-starter\3.1.4\spring-boot-starter-3.1.4.jar;C:\Users\dell\.m2\repository\org\springframework\boot\spring-boot-starter-logging\3.1.4\spring-boot-starter-logging-3.1.4.jar;C:\Users\dell\.m2\repository\ch\qos\logback\logback-classic\1.4.11\logback-classic-1.4.11.jar;C:\Users\dell\.m2\repository\ch\qos\logback\logback-core\1.4.11\logback-core-1.4.11.jar;C:\Users\dell\.m2\repository\org\apache\logging\log4j\log4j-to-slf4j\2.20.0\log4j-to-slf4j-2.20.0.jar;C:\Users\dell\.m2\repository\org\apache\logging\log4j\log4j-api\2.20.0\log4j-api-2.20.0.jar;C:\Users\dell\.m2\repository\org\slf4j\jul-to-slf4j\2.0.9\jul-to-slf4j-2.0.9.jar;C:\Users\dell\.m2\repository\jakarta\annotation\jakarta.annotation-api\2.1.1\jakarta.annotation-api-2.1.1.jar;C:\Users\dell\.m2\repository\org\yaml\snakeyaml\1.33\snakeyaml-1.33.jar;C:\Users\dell\.m2\repository\org\springframework\boot\spring-boot-starter-json\3.1.4\spring-boot-starter-json-3.1.4.jar;C:\Users\dell\.m2\repository\com\fasterxml\jackson\datatype\jackson-datatype-jdk8\2.15.2\jackson-datatype-jdk8-2.15.2.jar;C:\Users\dell\.m2\repository\com\fasterxml\jackson\datatype\jackson-datatype-jsr310\2.15.2\jackson-datatype-jsr310-2.15.2.jar;C:\Users\dell\.m2\repository\com\fasterxml\jackson\module\jackson-module-parameter-names\2.15.2\jackson-module-parameter-names-2.15.2.jar;C:\Users\dell\.m2\repository\org\springframework\boot\spring-boot-starter-tomcat\3.1.4\spring-boot-starter-tomcat-3.1.4.jar;C:\Users\dell\.m2\repository\org\apache\tomcat\embed\tomcat-embed-core\10.1.13\tomcat-embed-core-10.1.13.jar;C:\Users\dell\.m2\repository\org\apache\tomcat\embed\tomcat-embed-el\10.1.13\tomcat-embed-el-10.1.13.jar;C:\Users\dell\.m2\repository\org\apache\tomcat\embed\tomcat-embed-websocket\10.1.13\tomcat-embed-websocket-10.1.13.jar;C:\Users\dell\.m2\repository\org\springframework\spring-web\6.0.12\spring-web-6.0.12.jar;C:\Users\dell\.m2\repository\org\springframework\spring-beans\6.0.12\spring-beans-6.0.12.jar;C:\Users\dell\.m2\repository\io\micrometer\micrometer-observation\1.11.4\micrometer-observation-1.11.4.jar;C:\Users\dell\.m2\repository\io\micrometer\micrometer-commons\1.11.4\micrometer-commons-1.11.4.jar;C:\Users\dell\.m2\repository\org\springframework\spring-webmvc\6.0.12\spring-webmvc-6.0.12.jar;C:\Users\dell\.m2\repository\org\springframework\spring-aop\6.0.12\spring-aop-6.0.12.jar;C:\Users\dell\.m2\repository\org\springframework\spring-context\6.0.12\spring-context-6.0.12.jar;C:\Users\dell\.m2\repository\org\springframework\spring-expression\6.0.12\spring-expression-6.0.12.jar;C:\Users\dell\.m2\repository\org\springframework\boot\spring-boot-starter-web-services\3.1.4\spring-boot-starter-web-services-3.1.4.jar;C:\Users\dell\.m2\repository\com\sun\xml\messaging\saaj\saaj-impl\3.0.2\saaj-impl-3.0.2.jar;C:\Users\dell\.m2\repository\jakarta\xml\soap\jakarta.xml.soap-api\3.0.0\jakarta.xml.soap-api-3.0.0.jar;C:\Users\dell\.m2\repository\org\jvnet\staxex\stax-ex\2.1.0\stax-ex-2.1.0.jar;C:\Users\dell\.m2\repository\jakarta\activation\jakarta.activation-api\2.1.2\jakarta.activation-api-2.1.2.jar;C:\Users\dell\.m2\repository\org\eclipse\angus\angus-activation\2.0.1\angus-activation-2.0.1.jar;C:\Users\dell\.m2\repository\jakarta\xml\ws\jakarta.xml.ws-api\4.0.0\jakarta.xml.ws-api-4.0.0.jar;C:\Users\dell\.m2\repository\org\springframework\spring-oxm\6.0.12\spring-oxm-6.0.12.jar;C:\Users\dell\.m2\repository\org\springframework\ws\spring-ws-core\4.0.6\spring-ws-core-4.0.6.jar;C:\Users\dell\.m2\repository\org\springframework\ws\spring-xml\4.0.6\spring-xml-4.0.6.jar;C:\Users\dell\.m2\repository\org\glassfish\jaxb\jaxb-runtime\4.0.3\jaxb-runtime-4.0.3.jar;C:\Users\dell\.m2\repository\org\glassfish\jaxb\jaxb-core\4.0.3\jaxb-core-4.0.3.jar;C:\Users\dell\.m2\repository\org\glassfish\jaxb\txw2\4.0.3\txw2-4.0.3.jar;C:\Users\dell\.m2\repository\com\sun\istack\istack-commons-runtime\4.1.2\istack-commons-runtime-4.1.2.jar;C:\Users\dell\.m2\repository\org\springframework\boot\spring-boot-devtools\3.1.4\spring-boot-devtools-3.1.4.jar;C:\Users\dell\.m2\repository\org\springframework\boot\spring-boot\3.1.4\spring-boot-3.1.4.jar;C:\Users\dell\.m2\repository\org\springframework\boot\spring-boot-autoconfigure\3.1.4\spring-boot-autoconfigure-3.1.4.jar;C:\Users\dell\.m2\repository\org\springframework\boot\spring-boot-configuration-processor\3.1.4\spring-boot-configuration-processor-3.1.4.jar;C:\Users\dell\.m2\repository\org\projectlombok\lombok\1.18.30\lombok-1.18.30.jar;C:\Users\dell\.m2\repository\com\jayway\jsonpath\json-path\2.8.0\json-path-2.8.0.jar;C:\Users\dell\.m2\repository\jakarta\xml\bind\jakarta.xml.bind-api\4.0.1\jakarta.xml.bind-api-4.0.1.jar;C:\Users\dell\.m2\repository\net\minidev\json-smart\2.4.11\json-smart-2.4.11.jar;C:\Users\dell\.m2\repository\net\minidev\accessors-smart\2.4.11\accessors-smart-2.4.11.jar;C:\Users\dell\.m2\repository\org\ow2\asm\asm\9.3\asm-9.3.jar;C:\Users\dell\.m2\repository\net\bytebuddy\byte-buddy\1.14.8\byte-buddy-1.14.8.jar;C:\Users\dell\.m2\repository\org\springframework\spring-core\6.0.12\spring-core-6.0.12.jar;C:\Users\dell\.m2\repository\org\springframework\spring-jcl\6.0.12\spring-jcl-6.0.12.jar;C:\Users\dell\.m2\repository\org\springframework\boot\spring-boot-starter-data-jpa\3.1.4\spring-boot-starter-data-jpa-3.1.4.jar;C:\Users\dell\.m2\repository\org\springframework\boot\spring-boot-starter-aop\3.1.4\spring-boot-starter-aop-3.1.4.jar;C:\Users\dell\.m2\repository\org\aspectj\aspectjweaver\1.9.20\aspectjweaver-1.9.20.jar;C:\Users\dell\.m2\repository\org\springframework\boot\spring-boot-starter-jdbc\3.1.4\spring-boot-starter-jdbc-3.1.4.jar;C:\Users\dell\.m2\repository\com\zaxxer\HikariCP\5.0.1\HikariCP-5.0.1.jar;C:\Users\dell\.m2\repository\org\springframework\spring-jdbc\6.0.12\spring-jdbc-6.0.12.jar;C:\Users\dell\.m2\repository\org\hibernate\orm\hibernate-core\6.2.9.Final\hibernate-core-6.2.9.Final.jar;C:\Users\dell\.m2\repository\jakarta\persistence\jakarta.persistence-api\3.1.0\jakarta.persistence-api-3.1.0.jar;C:\Users\dell\.m2\repository\jakarta\transaction\jakarta.transaction-api\2.0.1\jakarta.transaction-api-2.0.1.jar;C:\Users\dell\.m2\repository\org\jboss\logging\jboss-logging\3.5.3.Final\jboss-logging-3.5.3.Final.jar;C:\Users\dell\.m2\repository\org\hibernate\common\hibernate-commons-annotations\6.0.6.Final\hibernate-commons-annotations-6.0.6.Final.jar;C:\Users\dell\.m2\repository\io\smallrye\jandex\3.0.5\jandex-3.0.5.jar;C:\Users\dell\.m2\repository\com\fasterxml\classmate\1.5.1\classmate-1.5.1.jar;C:\Users\dell\.m2\repository\jakarta\inject\jakarta.inject-api\2.0.1\jakarta.inject-api-2.0.1.jar;C:\Users\dell\.m2\repository\org\antlr\antlr4-runtime\4.10.1\antlr4-runtime-4.10.1.jar;C:\Users\dell\.m2\repository\org\springframework\data\spring-data-jpa\3.1.4\spring-data-jpa-3.1.4.jar;C:\Users\dell\.m2\repository\org\springframework\data\spring-data-commons\3.1.4\spring-data-commons-3.1.4.jar;C:\Users\dell\.m2\repository\org\springframework\spring-orm\6.0.12\spring-orm-6.0.12.jar;C:\Users\dell\.m2\repository\org\springframework\spring-tx\6.0.12\spring-tx-6.0.12.jar;C:\Users\dell\.m2\repository\org\springframework\spring-aspects\6.0.12\spring-aspects-6.0.12.jar;C:\Users\dell\.m2\repository\com\h2database\h2\2.2.220\h2-2.2.220.jar;C:\Users\dell\.m2\repository\com\mysql\mysql-connector-j\8.0.33\mysql-connector-j-8.0.33.jar;C:\Users\dell\.m2\repository\org\springframework\boot\spring-boot-starter-thymeleaf\3.1.4\spring-boot-starter-thymeleaf-3.1.4.jar;C:\Users\dell\.m2\repository\org\thymeleaf\thymeleaf-spring6\3.1.2.RELEASE\thymeleaf-spring6-3.1.2.RELEASE.jar;C:\Users\dell\.m2\repository\org\thymeleaf\thymeleaf\3.1.2.RELEASE\thymeleaf-3.1.2.RELEASE.jar;C:\Users\dell\.m2\repository\org\attoparser\attoparser\2.0.7.RELEASE\attoparser-2.0.7.RELEASE.jar;C:\Users\dell\.m2\repository\org\unbescape\unbescape\1.1.6.RELEASE\unbescape-1.1.6.RELEASE.jar
Launcher Type: SUN_STANDARD

[Global flags]
     intx CICompilerCount                          = 4                                         {product} {ergonomic}
     uint ConcGCThreads                            = 2                                         {product} {ergonomic}
     uint G1ConcRefinementThreads                  = 8                                         {product} {ergonomic}
   size_t G1HeapRegionSize                         = 1048576                                   {product} {ergonomic}
    uintx GCDrainStackTargetSize                   = 64                                        {product} {ergonomic}
   size_t InitialHeapSize                          = 130023424                                 {product} {ergonomic}
     bool ManagementServer                         = true                                      {product} {command line}
   size_t MarkStackSize                            = 4194304                                   {product} {ergonomic}
   size_t MaxHeapSize                              = 2080374784                                {product} {ergonomic}
   size_t MaxNewSize                               = 1247805440                                {product} {ergonomic}
   size_t MinHeapDeltaBytes                        = 1048576                                   {product} {ergonomic}
   size_t MinHeapSize                              = 8388608                                   {product} {ergonomic}
    uintx NonNMethodCodeHeapSize                   = 4096                                   {pd product} {ergonomic}
    uintx NonProfiledCodeHeapSize                  = 0                                      {pd product} {ergonomic}
     bool ProfileInterpreter                       = false                                  {pd product} {command line}
    uintx ProfiledCodeHeapSize                     = 0                                      {pd product} {ergonomic}
   size_t SoftMaxHeapSize                          = 2080374784                             {manageable} {ergonomic}
     intx TieredStopAtLevel                        = 1                                         {product} {command line}
     bool UseCompressedOops                        = true                           {product lp64_product} {ergonomic}
     bool UseG1GC                                  = true                                      {product} {ergonomic}
     bool UseLargePagesIndividualAllocation        = false                                  {pd product} {ergonomic}

Logging:
Log output configuration:
 #0: stdout all=warning uptime,level,tags foldmultilines=false
 #1: stderr all=off uptime,level,tags foldmultilines=false

Environment Variables:
JAVA_HOME=C:\Program Files\Java\jdk-11.0.16.1
PATH=C:\Program Files (x86)\VMware\VMware Workstation\bin\;C:\Python311\Scripts\;C:\Python311\;C:\Program Files\Common Files\Oracle\Java\javapath;C:\Program Files (x86)\Common Files\Oracle\Java\javapath;C:\ProgramData\Oracle\Java\javapath;C:\Program Files\Eclipse Adoptium\jdk-11.0.17.8-hotspot\bin;C:\Windows\system32;C:\Windows;C:\Windows\System32\Wbem;C:\Windows\System32\WindowsPowerShell\v1.0\;C:\Windows\System32\OpenSSH\;C:\Users\dell\OneDrive\Desktop\apache-maven-3.9.0\bin;C:\Program Files\Git\cmd;C:\Program Files\nodejs\;C:\ProgramData\chocolatey\bin;C:\Program Files\dotnet\;C:\Users\dell\AppData\Local\Programs\MiKTeX\pdftex;C:\Program Files\MongoDB\Server\7.0\bin;C:\Users\dell\Desktop\mongosh-2.0.2-win32-x64\bin;C:\Users\dell\AppData\Roaming\Python\Python311\Scripts;C:\Users\dell\.cargo\bin;C:\Users\dell\AppData\Local\Programs\Python\Python312\Scripts\;C:\Users\dell\AppData\Local\Programs\Python\Python312\;C:\Program Files\MySQL\MySQL Shell 8.0\bin\;C:\Users\dell\AppData\Local\Microsoft\WindowsApps;C:\Users\dell\OneDrive\Desktop\apache-maven-3.9.0\bin;C:\Program Files\JetBrains\IntelliJ IDEA 2023.2.3\bin;;C:\Program Files\JetBrains\IntelliJ IDEA Community Edition 2022.3.2\bin;;C:\Users\dell\AppData\Local\Programs\Microsoft VS Code\bin;C:\Users\dell\AppData\Roaming\npm;C:\Program Files\JetBrains\WebStorm 2023.2.2\bin;;C:\Program Files\MongoDB\Server\7.0\bin;C:\Users\dell\AppData\Local\Programs\MiKTeX\miktex\bin\x64\;C:\Users\dell\AppData\Local\Programs\MiKTeX\pdftex;C:\Users\dell\Desktop\mongosh-2.0.2-win32-x64\bin;C:\Users\dell\AppData\Roaming\Python\Python311\Scripts;
USERNAME=dell
OS=Windows_NT
PROCESSOR_IDENTIFIER=Intel64 Family 6 Model 140 Stepping 1, GenuineIntel
TMP=C:\Users\dell\AppData\Local\Temp
TEMP=C:\Users\dell\AppData\Local\Temp




---------------  S Y S T E M  ---------------

OS:
 Windows 10 , 64 bit Build 19041 (10.0.19041.3636)
OS uptime: 0 days 7:31 hours

CPU: total 8 (initial active 8) (4 cores per cpu, 2 threads per core) family 6 model 140 stepping 1 microcode 0xa4, cx8, cmov, fxsr, ht, mmx, 3dnowpref, sse, sse2, sse3, ssse3, sse4.1, sse4.2, popcnt, lzcnt, tsc, tscinvbit, avx, avx2, aes, erms, clmul, bmi1, bmi2, adx, avx512f, avx512dq, avx512cd, avx512bw, avx512vl, sha, fma, vzeroupper, avx512_vpopcntdq, avx512_vpclmulqdq, avx512_vaes, avx512_vnni, clflush, clflushopt, clwb, avx512_vbmi2, avx512_vbmi, rdtscp, rdpid, fsrm, gfni, avx512_bitalg, f16c, pku, cet_ibt, cet_ss, avx512_ifma
Processor Information for all 8 processors :
  Max Mhz: 1498, Current Mhz: 1498, Mhz Limit: 1498

Memory: 4k page, system-wide physical 7934M (471M free)
TotalPageFile size 32510M (AvailPageFile size 0M)
current process WorkingSet (physical memory assigned to process): 175M, peak: 232M
current process commit charge ("private bytes"): 289M, peak: 295M

vm_info: OpenJDK 64-Bit Server VM (21+35-2513) for windows-amd64 JRE (21+35-2513), built on 2023-08-09T20:25:10Z by "mach5one" with MS VC++ 17.1 (VS2022)

END.
